2025-05-15 13:24:13,932 - root - INFO - 轮转后的备份文件数量: 4
2025-05-15 13:24:13,932 - root - INFO - 备份文件: app.log.1, 大小: 4.49MB
2025-05-15 13:24:13,932 - root - INFO - 备份文件: app.log.2, 大小: 10.00MB
2025-05-15 13:24:13,933 - root - INFO - 备份文件: app.log.2025-05-08, 大小: 0.18MB
2025-05-15 13:24:13,933 - root - INFO - 备份文件: app.log.backup, 大小: 0.01MB
2025-05-15 13:24:13,933 - root - INFO - 日志轮转测试完成!
2025-05-15 13:25:00,301 - root - INFO - 执行预约状态更新任务
2025-05-15 13:25:00,301 - backend.utils.status_updater - INFO - 当前时间: 2025-05-15 13:25:00.301924
2025-05-15 13:25:00,302 - backend.utils.status_updater - INFO - 当前时间详细信息: 年=2025, 月=5, 日=15, 时=13, 分=25, 秒=0
2025-05-15 13:25:00,307 - backend.utils.status_updater - INFO - 执行查询：查找应该更新为'使用中'的预约
2025-05-15 13:25:00,307 - backend.utils.status_updater - INFO - SQL查询条件: Reservation.status == 'confirmed' AND Reservation.start_datetime <= 2025-05-15 13:25:00.301924 AND Reservation.end_datetime > 2025-05-15 13:25:00.301924
2025-05-15 13:25:00,308 - backend.utils.status_updater - INFO - 找到 0 个应该更新为'使用中'的预约
2025-05-15 13:25:00,308 - backend.utils.status_updater - INFO - 执行查询：查找应该更新为'已过期'的预约
2025-05-15 13:25:00,308 - backend.utils.status_updater - INFO - SQL查询条件: Reservation.status.in_(['confirmed', 'in_use']) AND Reservation.end_datetime <= 2025-05-15 13:25:00.301924
2025-05-15 13:25:00,309 - backend.utils.status_updater - INFO - 找到 0 个应该更新为'已过期'的预约
2025-05-15 13:25:00,309 - backend.utils.status_updater - INFO - ORM更新结果: 使用中=0条, 已过期=0条
2025-05-15 13:25:00,309 - backend.utils.status_updater - INFO - 没有预约需要更新状态
2025-05-15 13:25:23,474 - backend.routes.reservation - INFO - 排序参数: sort_by=id, sort_order=desc
2025-05-15 13:25:23,479 - backend.routes.reservation - INFO - 排序参数: sort_by=id, sort_order=desc
2025-05-15 13:26:00,316 - root - INFO - 执行预约状态更新任务
2025-05-15 13:26:00,317 - backend.utils.status_updater - INFO - 当前时间: 2025-05-15 13:26:00.317112
2025-05-15 13:26:00,317 - backend.utils.status_updater - INFO - 当前时间详细信息: 年=2025, 月=5, 日=15, 时=13, 分=26, 秒=0
2025-05-15 13:26:00,318 - backend.utils.status_updater - INFO - 执行查询：查找应该更新为'使用中'的预约
2025-05-15 13:26:00,319 - backend.utils.status_updater - INFO - SQL查询条件: Reservation.status == 'confirmed' AND Reservation.start_datetime <= 2025-05-15 13:26:00.317112 AND Reservation.end_datetime > 2025-05-15 13:26:00.317112
2025-05-15 13:26:00,319 - backend.utils.status_updater - INFO - 找到 0 个应该更新为'使用中'的预约
2025-05-15 13:26:00,320 - backend.utils.status_updater - INFO - 执行查询：查找应该更新为'已过期'的预约
2025-05-15 13:26:00,320 - backend.utils.status_updater - INFO - SQL查询条件: Reservation.status.in_(['confirmed', 'in_use']) AND Reservation.end_datetime <= 2025-05-15 13:26:00.317112
2025-05-15 13:26:00,321 - backend.utils.status_updater - INFO - 找到 0 个应该更新为'已过期'的预约
2025-05-15 13:26:00,321 - backend.utils.status_updater - INFO - ORM更新结果: 使用中=0条, 已过期=0条
2025-05-15 13:26:00,321 - backend.utils.status_updater - INFO - 没有预约需要更新状态
2025-05-15 13:26:17,330 - root - INFO - 设备预定系统启动中...
2025-05-15 13:26:17,688 - root - INFO - 应用程序将在 http://localhost:8000 启动
2025-05-15 13:26:17,688 - root - INFO - 局域网可通过 http://192.168.73.2:8000 访问
2025-05-15 13:26:17,813 - root - INFO - 设备预定系统启动中...
2025-05-15 13:26:18,229 - root - INFO - FastAPI应用初始化中...
2025-05-15 13:26:18,230 - backend.i18n - INFO - 国际化设置成功
2025-05-15 13:26:18,652 - root - INFO - 应用启动 / Application started
2025-05-15 13:26:18,653 - backend.database - INFO - 数据库初始化成功
2025-05-15 13:26:18,654 - root - INFO - 后台任务已启动
2025-05-15 13:26:18,654 - root - INFO - 执行预约状态更新任务
2025-05-15 13:26:18,654 - backend.utils.status_updater - INFO - 当前时间: 2025-05-15 13:26:18.654846
2025-05-15 13:26:18,655 - backend.utils.status_updater - INFO - 当前时间详细信息: 年=2025, 月=5, 日=15, 时=13, 分=26, 秒=18
2025-05-15 13:26:18,664 - backend.utils.status_updater - INFO - 执行查询：查找应该更新为'使用中'的预约
2025-05-15 13:26:18,665 - backend.utils.status_updater - INFO - SQL查询条件: Reservation.status == 'confirmed' AND Reservation.start_datetime <= 2025-05-15 13:26:18.654846 AND Reservation.end_datetime > 2025-05-15 13:26:18.654846
2025-05-15 13:26:18,667 - backend.utils.status_updater - INFO - 找到 0 个应该更新为'使用中'的预约
2025-05-15 13:26:18,667 - backend.utils.status_updater - INFO - 执行查询：查找应该更新为'已过期'的预约
2025-05-15 13:26:18,668 - backend.utils.status_updater - INFO - SQL查询条件: Reservation.status.in_(['confirmed', 'in_use']) AND Reservation.end_datetime <= 2025-05-15 13:26:18.654846
2025-05-15 13:26:18,670 - backend.utils.status_updater - INFO - 找到 0 个应该更新为'已过期'的预约
2025-05-15 13:26:18,670 - backend.utils.status_updater - INFO - ORM更新结果: 使用中=0条, 已过期=0条
2025-05-15 13:26:18,670 - backend.utils.status_updater - INFO - 没有预约需要更新状态
2025-05-15 13:26:20,943 - backend.routes.reservation - INFO - 排序参数: sort_by=None, sort_order=None
2025-05-15 13:27:00,331 - root - INFO - 执行预约状态更新任务
2025-05-15 13:27:00,332 - backend.utils.status_updater - INFO - 当前时间: 2025-05-15 13:27:00.332772
2025-05-15 13:27:00,334 - backend.utils.status_updater - INFO - 当前时间详细信息: 年=2025, 月=5, 日=15, 时=13, 分=27, 秒=0
2025-05-15 13:27:00,336 - backend.utils.status_updater - INFO - 执行查询：查找应该更新为'使用中'的预约
2025-05-15 13:27:00,336 - backend.utils.status_updater - INFO - SQL查询条件: Reservation.status == 'confirmed' AND Reservation.start_datetime <= 2025-05-15 13:27:00.332772 AND Reservation.end_datetime > 2025-05-15 13:27:00.332772
2025-05-15 13:27:00,337 - backend.utils.status_updater - INFO - 找到 0 个应该更新为'使用中'的预约
2025-05-15 13:27:00,338 - backend.utils.status_updater - INFO - 执行查询：查找应该更新为'已过期'的预约
2025-05-15 13:27:00,338 - backend.utils.status_updater - INFO - SQL查询条件: Reservation.status.in_(['confirmed', 'in_use']) AND Reservation.end_datetime <= 2025-05-15 13:27:00.332772
2025-05-15 13:27:00,339 - backend.utils.status_updater - INFO - 找到 0 个应该更新为'已过期'的预约
2025-05-15 13:27:00,339 - backend.utils.status_updater - INFO - ORM更新结果: 使用中=0条, 已过期=0条
2025-05-15 13:27:00,340 - backend.utils.status_updater - INFO - 没有预约需要更新状态
2025-05-15 13:28:00,345 - root - INFO - 执行预约状态更新任务
2025-05-15 13:28:00,345 - backend.utils.status_updater - INFO - 当前时间: 2025-05-15 13:28:00.345734
2025-05-15 13:28:00,346 - backend.utils.status_updater - INFO - 当前时间详细信息: 年=2025, 月=5, 日=15, 时=13, 分=28, 秒=0
2025-05-15 13:28:00,346 - backend.utils.status_updater - INFO - 执行查询：查找应该更新为'使用中'的预约
2025-05-15 13:28:00,347 - backend.utils.status_updater - INFO - SQL查询条件: Reservation.status == 'confirmed' AND Reservation.start_datetime <= 2025-05-15 13:28:00.345734 AND Reservation.end_datetime > 2025-05-15 13:28:00.345734
2025-05-15 13:28:00,347 - backend.utils.status_updater - INFO - 找到 0 个应该更新为'使用中'的预约
2025-05-15 13:28:00,348 - backend.utils.status_updater - INFO - 执行查询：查找应该更新为'已过期'的预约
2025-05-15 13:28:00,348 - backend.utils.status_updater - INFO - SQL查询条件: Reservation.status.in_(['confirmed', 'in_use']) AND Reservation.end_datetime <= 2025-05-15 13:28:00.345734
2025-05-15 13:28:00,349 - backend.utils.status_updater - INFO - 找到 0 个应该更新为'已过期'的预约
2025-05-15 13:28:00,349 - backend.utils.status_updater - INFO - ORM更新结果: 使用中=0条, 已过期=0条
2025-05-15 13:28:00,349 - backend.utils.status_updater - INFO - 没有预约需要更新状态
2025-05-15 13:29:00,352 - root - INFO - 执行预约状态更新任务
2025-05-15 13:29:00,353 - backend.utils.status_updater - INFO - 当前时间: 2025-05-15 13:29:00.353272
2025-05-15 13:29:00,354 - backend.utils.status_updater - INFO - 当前时间详细信息: 年=2025, 月=5, 日=15, 时=13, 分=29, 秒=0
2025-05-15 13:29:00,356 - backend.utils.status_updater - INFO - 执行查询：查找应该更新为'使用中'的预约
2025-05-15 13:29:00,356 - backend.utils.status_updater - INFO - SQL查询条件: Reservation.status == 'confirmed' AND Reservation.start_datetime <= 2025-05-15 13:29:00.353272 AND Reservation.end_datetime > 2025-05-15 13:29:00.353272
2025-05-15 13:29:00,357 - backend.utils.status_updater - INFO - 找到 0 个应该更新为'使用中'的预约
2025-05-15 13:29:00,358 - backend.utils.status_updater - INFO - 执行查询：查找应该更新为'已过期'的预约
2025-05-15 13:29:00,358 - backend.utils.status_updater - INFO - SQL查询条件: Reservation.status.in_(['confirmed', 'in_use']) AND Reservation.end_datetime <= 2025-05-15 13:29:00.353272
2025-05-15 13:29:00,359 - backend.utils.status_updater - INFO - 找到 0 个应该更新为'已过期'的预约
2025-05-15 13:29:00,359 - backend.utils.status_updater - INFO - ORM更新结果: 使用中=0条, 已过期=0条
2025-05-15 13:29:00,359 - backend.utils.status_updater - INFO - 没有预约需要更新状态
2025-05-15 13:29:20,355 - root - INFO - 后台任务已取消
2025-05-15 13:29:20,356 - root - INFO - 应用关闭 / Application shut down
