2025-05-16 10:55:51,787 - root - INFO - 日志文件: D:\Equipment-Reservation-System-main\logs\email_logs_check_20250516_105551.log
2025-05-16 10:55:51,788 - root - INFO - 连接数据库: D:\Equipment-Reservation-System-main\equipment_reservation.db
2025-05-16 10:55:51,789 - root - INFO - 找到 1 条邮件设置:
2025-05-16 10:55:51,789 - root - INFO - ID: 1, SMTP服务器: smtp.qq.com:465, 发件人: 1203697506@qq.com(TEST), 启用: 1
2025-05-16 10:55:51,789 - root - INFO - 未找到带有Spam Warning的邮件
2025-05-16 10:55:51,789 - root - INFO - 找到 10 封取消类型的邮件:
2025-05-16 10:55:51,794 - root - INFO - ID: 65, 收件人: chen.chuanchao@htschools.org, 主题: 循环预约子预约取消 / Recurring Child Reservation Cancelled, 类型: reservation_recurring_cancelled, 状态: success, 预约码: SQSNOR6N, 时间: 2025-05-16 08:49:41
2025-05-16 10:55:51,794 - root - INFO - 邮件内容前100个字符: 
<!DOCTYPE html>
<html><head><meta charset="UTF-8"><title>循环子预约取消 / Recurring Child Reservation Canc
2025-05-16 10:55:51,795 - root - INFO - ID: 64, 收件人: chen.chuanchao@htschools.org, 主题: 单次预约取消 / Single Reservation Cancelled, 类型: reservation_single_cancelled, 状态: success, 预约码: 5STR8XLV, 时间: 2025-05-16 08:49:10
2025-05-16 10:55:51,795 - root - INFO - 邮件内容前100个字符: 
<!DOCTYPE html>
<html><head><meta charset="UTF-8"><title>单次预约取消 / Single Reservation Cancelled</tit
2025-05-16 10:55:51,796 - root - INFO - ID: 62, 收件人: chen.chuanchao@htschools.org, 主题: 循环预约已取消 / Recurring Reservation Cancelled, 类型: reservation_recurring_all_cancelled, 状态: success, 预约码: 67S7FACD, 时间: 2025-05-16 08:38:33
2025-05-16 10:55:51,796 - root - INFO - 邮件内容前100个字符: 
<!DOCTYPE html>
<html><head><meta charset="UTF-8"><title>循环预约已取消 / Recurring Reservation Cancelled<
2025-05-16 10:55:51,796 - root - INFO - ID: 60, 收件人: chen.chuanchao@htschools.org, 主题: 循环预约子预约取消 / Recurring Child Reservation Cancelled, 类型: reservation_recurring_cancelled, 状态: success, 预约码: SQSNOR6N, 时间: 2025-05-16 08:35:49
2025-05-16 10:55:51,797 - root - INFO - 邮件内容前100个字符: 
<!DOCTYPE html>
<html><head><meta charset="UTF-8"><title>循环子预约取消 / Recurring Child Reservation Canc
2025-05-16 10:55:51,797 - root - INFO - ID: 59, 收件人: chen.chuanchao@htschools.org, 主题: 单次预约取消 / Single Reservation Cancelled, 类型: reservation_single_cancelled, 状态: success, 预约码: CO4UFLAQ, 时间: 2025-05-16 08:34:56
2025-05-16 10:55:51,797 - root - INFO - 邮件内容前100个字符: 
<!DOCTYPE html>
<html><head><meta charset="UTF-8"><title>单次预约取消 / Single Reservation Cancelled</tit
2025-05-16 10:55:51,798 - root - INFO - ID: 45, 收件人: chen.chuanchao@htschools.org, 主题: 循环预约子预约取消 / Recurring Child Reservation Cancelled, 类型: reservation_recurring_cancelled, 状态: success, 预约码: Z177RR6U, 时间: 2025-05-15 09:17:06
2025-05-16 10:55:51,798 - root - INFO - 邮件内容前100个字符: 
<!DOCTYPE html>
<html><head><meta charset="UTF-8"><title>循环子预约取消 / Recurring Child Reservation Canc
2025-05-16 10:55:51,798 - root - INFO - ID: 44, 收件人: zhaoliu@example.com, 主题: 循环预约子预约取消 / Recurring Child Reservation Cancelled, 类型: reservation_recurring_cancelled, 状态: success, 预约码: FZXTROBG, 时间: 2025-05-14 17:42:46
2025-05-16 10:55:51,799 - root - INFO - 邮件内容前100个字符: 
<!DOCTYPE html>
<html><head><meta charset="UTF-8"><title>循环子预约取消 / Recurring Child Reservation Canc
2025-05-16 10:55:51,799 - root - INFO - ID: 43, 收件人: chen.chuanchao@htschools.org, 主题: 循环预约子预约取消 / Recurring Child Reservation Cancelled, 类型: reservation_recurring_cancelled, 状态: success, 预约码: Z177RR6U, 时间: 2025-05-14 14:15:32
2025-05-16 10:55:51,799 - root - INFO - 邮件内容前100个字符: 
<!DOCTYPE html>
<html><head><meta charset="UTF-8"><title>循环子预约取消 / Recurring Child Reservation Canc
2025-05-16 10:55:51,799 - root - INFO - ID: 42, 收件人: chen.chuanchao@htschools.org, 主题: 循环预约子预约取消 / Recurring Child Reservation Cancelled, 类型: reservation_recurring_cancelled, 状态: success, 预约码: Z177RR6U, 时间: 2025-05-14 14:11:49
2025-05-16 10:55:51,800 - root - INFO - 邮件内容前100个字符: 
<!DOCTYPE html>
<html><head><meta charset="UTF-8"><title>循环子预约取消 / Recurring Child Reservation Canc
2025-05-16 10:55:51,800 - root - INFO - ID: 41, 收件人: chen.chuanchao@htschools.org, 主题: 循环预约子预约取消 / Recurring Child Reservation Cancelled, 类型: reservation_recurring_cancelled, 状态: success, 预约码: Z177RR6U, 时间: 2025-05-14 14:10:09
2025-05-16 10:55:51,800 - root - INFO - 邮件内容前100个字符: 
<!DOCTYPE html>
<html><head><meta charset="UTF-8"><title>循环子预约取消 / Recurring Child Reservation Canc
2025-05-16 10:55:51,800 - root - INFO - 各类型邮件数量:
2025-05-16 10:55:51,801 - root - INFO - 类型: reservation_created, 数量: 1
2025-05-16 10:55:51,801 - root - INFO - 类型: reservation_recurring_all_cancelled, 数量: 2
2025-05-16 10:55:51,801 - root - INFO - 类型: reservation_recurring_cancelled, 数量: 23
2025-05-16 10:55:51,801 - root - INFO - 类型: reservation_recurring_created, 数量: 13
2025-05-16 10:55:51,801 - root - INFO - 类型: reservation_single_cancelled, 数量: 7
2025-05-16 10:55:51,801 - root - INFO - 类型: reservation_single_created, 数量: 17
2025-05-16 10:55:51,801 - root - INFO - 类型: test, 数量: 5
2025-05-16 10:55:51,802 - root - INFO - 找到 5 个邮件模板:
2025-05-16 10:55:51,802 - root - INFO - ID: 5, 名称: 单次预约创建, 键名: reservation_single_created, 主题: 单次预约创建成功 / Single Reservation Created, 语言: zh_CN
2025-05-16 10:55:51,802 - root - INFO - ID: 6, 名称: 循环预约创建, 键名: reservation_recurring_created, 主题: 循环预约创建成功 / Recurring Reservation Created, 语言: zh_CN
2025-05-16 10:55:51,802 - root - INFO - ID: 7, 名称: 单次预约取消, 键名: reservation_single_cancelled, 主题: 单次预约取消 / Single Reservation Cancelled, 语言: zh_CN
2025-05-16 10:55:51,802 - root - INFO - ID: 8, 名称: 循环预约子预约取消, 键名: reservation_recurring_cancelled, 主题: 循环预约子预约取消 / Recurring Child Reservation Cancelled, 语言: zh_CN
2025-05-16 10:55:51,803 - root - INFO - ID: 9, 名称: 循环预约取消, 键名: reservation_recurring_all_cancelled, 主题: 循环预约已取消 / Recurring Reservation Cancelled, 语言: zh_CN
2025-05-16 10:55:51,803 - root - INFO - 查询完成，结果已保存到: D:\Equipment-Reservation-System-main\logs\email_logs_check_20250516_105551.log
